<?xml version="1.0" encoding="UTF-8"?>
<testng-results skipped="0" failed="0" ignored="0" total="1" passed="1">
  <reporter-output>
  </reporter-output>
  <suite name="com.mytests.NotepadTest" duration-ms="32" started-at="2020-06-07T05:11:50Z" finished-at="2020-06-07T05:11:50Z">
    <groups>
    </groups>
    <test name="Command line test" duration-ms="32" started-at="2020-06-07T05:11:50Z" finished-at="2020-06-07T05:11:50Z">
      <class name="com.mytests.NotepadTest">
        <test-method status="PASS" signature="checkHelpAboutNowTest()[pri:0, instance:com.mytests.NotepadTest@57baeedf]" name="checkHelpAboutNowTest" duration-ms="6" started-at="2020-06-07T05:11:50Z" finished-at="2020-06-07T05:11:50Z">
          <reporter-output>
          </reporter-output>
        </test-method> <!-- checkHelpAboutNowTest -->
      </class> <!-- com.mytests.NotepadTest -->
    </test> <!-- Command line test -->
  </suite> <!-- com.mytests.NotepadTest -->
</testng-results>
