<?xml version="1.0" encoding="UTF-8"?>
<testng-results skipped="0" failed="0" total="1" passed="1">
  <reporter-output>
  </reporter-output>
  <suite name="Default suite" duration-ms="99619" started-at="2020-07-19T12:02:11Z" finished-at="2020-07-19T12:03:50Z">
    <groups>
    </groups>
    <test name="Default test" duration-ms="99619" started-at="2020-07-19T12:02:11Z" finished-at="2020-07-19T12:03:50Z">
      <class name="com.mytests.Direct1">
        <test-method status="PASS" signature="openApp()[pri:0, instance:com.mytests.Direct1@3d99d22e]" name="openApp" is-config="true" duration-ms="1144" started-at="2020-07-19T17:32:11Z" finished-at="2020-07-19T17:32:12Z">
          <reporter-output>
          </reporter-output>
        </test-method> <!-- openApp -->
        <test-method status="PASS" signature="Test2_Recordfor2min()[pri:0, instance:com.mytests.Direct1@3d99d22e]" name="Test2_Recordfor2min" duration-ms="98460" started-at="2020-07-19T17:32:12Z" finished-at="2020-07-19T17:33:50Z">
          <reporter-output>
          </reporter-output>
        </test-method> <!-- Test2_Recordfor2min -->
      </class> <!-- com.mytests.Direct1 -->
    </test> <!-- Default test -->
  </suite> <!-- Default suite -->
</testng-results>
